<?xml version="1.0" encoding="UTF-8"?>
<!-- Generated by org.testng.reporters.JUnitXMLReporter -->
<testsuite hostname="DESKTOP-CTRD12V" ignored="0" name="Default test" tests="3" failures="0" timestamp="03 Dec 2018 10:39:22 GMT" time="58.434" errors="0">
  <testcase name="openBrowser" time="41.269" classname="LoginTest.Login"/>
  <testcase name="setloginCredentials" time="4.405" classname="LoginTest.Login"/>
  <testcase name="verifyLogin" time="12.692" classname="LoginTest.Login"/>
</testsuite> <!-- Default test -->
