<?xml version="1.0" encoding="UTF-8"?>
<testng-results skipped="0" failed="0" ignored="0" total="3" passed="3">
  <reporter-output>
  </reporter-output>
  <suite name="Default suite" duration-ms="58434" started-at="2018-12-03T10:38:22Z" finished-at="2018-12-03T10:39:21Z">
    <groups>
    </groups>
    <test name="Default test" duration-ms="58434" started-at="2018-12-03T10:38:22Z" finished-at="2018-12-03T10:39:21Z">
      <class name="LoginTest.Login">
        <test-method status="PASS" signature="openBrowser()[pri:1, instance:LoginTest.Login@27f723]" name="openBrowser" duration-ms="41269" started-at="2018-12-03T13:38:22Z" finished-at="2018-12-03T13:39:04Z">
          <reporter-output>
          </reporter-output>
        </test-method> <!-- openBrowser -->
        <test-method status="PASS" signature="setloginCredentials()[pri:2, instance:LoginTest.Login@27f723]" name="setloginCredentials" duration-ms="4405" started-at="2018-12-03T13:39:04Z" finished-at="2018-12-03T13:39:08Z">
          <reporter-output>
          </reporter-output>
        </test-method> <!-- setloginCredentials -->
        <test-method status="PASS" signature="verifyLogin()[pri:3, instance:LoginTest.Login@27f723]" name="verifyLogin" duration-ms="12692" started-at="2018-12-03T13:39:08Z" finished-at="2018-12-03T13:39:21Z">
          <reporter-output>
          </reporter-output>
        </test-method> <!-- verifyLogin -->
      </class> <!-- LoginTest.Login -->
    </test> <!-- Default test -->
  </suite> <!-- Default suite -->
</testng-results>
